<?xml version="1.0" encoding="UTF-8"?>
<!-- Generated by org.testng.reporters.JUnitReportReporter -->
<testsuite hostname="Karthick" failures="0" tests="1" name="testcases.Productserach" time="5.812" errors="0" timestamp="2025-09-15T11:11:59 PDT" skipped="0">
  <testcase classname="testcases.Productserach" name="registertests" time="5.812"/>
</testsuite> <!-- testcases.Productserach -->
